<?xml version="1.0" encoding="UTF-8"?>
<!-- Generated by org.testng.reporters.JUnitXMLReporter -->
<testsuite ignored="0" hostname="LAPTOP-Q8GFA9DS" failures="0" tests="2" name="Test-Runner-Firefox" time="17.755" errors="0" timestamp="2023-12-26T14:26:56 IST">
  <testcase classname="vtiger.Organization.Tests.CreateOrganizationTest" name="createOrgTest" time="6.51"/>
  <testcase classname="vtiger.Organization.Tests.CreateOrganizationTest" name="demo" time="0.001"/>
</testsuite> <!-- Test-Runner-Firefox -->
