<?xml version="1.0" encoding="UTF-8"?>
<!-- Generated by org.testng.reporters.JUnitXMLReporter -->
<testsuite ignored="0" hostname="LAPTOP-Q8GFA9DS" failures="0" tests="2" name="Test-Runner2" time="22.926" errors="0" timestamp="2023-12-26T14:13:09 IST">
  <testcase classname="vtiger.Organization.Tests.CreateOrganizationTest" name="createOrgTest" time="8.705"/>
  <testcase classname="vtiger.Organization.Tests.CreateOrganizationTest" name="demo" time="0.003"/>
</testsuite> <!-- Test-Runner2 -->
