<?xml version="1.0" encoding="UTF-8"?>
<!-- Generated by org.testng.reporters.JUnitXMLReporter -->
<testsuite ignored="0" hostname="LAPTOP-Q8GFA9DS" failures="0" tests="1" name="Test-Runner1" time="25.041" errors="0" timestamp="2023-12-26T14:13:11 IST">
  <testcase classname="vtiger.Contacts.Tests.CreateContactWithOrganizationTest" name="createContactWithOrgTest" time="16.174"/>
</testsuite> <!-- Test-Runner1 -->
