<?xml version="1.0" encoding="UTF-8"?>
<!-- Generated by org.testng.reporters.JUnitReportReporter -->
<testsuite hostname="LAPTOP-Q8GFA9DS" failures="0" tests="1" name="vtiger.Organization.Tests.CreateOrganizationTest" time="3.998" errors="0" timestamp="2023-12-28T13:47:22 IST" skipped="0">
  <testcase classname="vtiger.Organization.Tests.CreateOrganizationTest" name="demo" time="3.998"/>
  <system-out/>
</testsuite> <!-- vtiger.Organization.Tests.CreateOrganizationTest -->
