<?xml version="1.0" encoding="UTF-8"?>
<!-- Generated by org.testng.reporters.JUnitReportReporter -->
<testsuite hostname="LAPTOP-Q8GFA9DS" failures="0" tests="2" name="vtiger.Practice.BaseClassPractice" time="0.008" errors="0" timestamp="2023-12-23T21:59:01 IST" skipped="0">
  <testcase classname="vtiger.Practice.BaseClassPractice" name="test" time="0.006"/>
  <system-out/>
  <testcase classname="vtiger.Practice.BaseClassPractice" name="test2" time="0.002"/>
  <system-out/>
</testsuite> <!-- vtiger.Practice.BaseClassPractice -->
