<?xml version="1.0" encoding="UTF-8"?>
<!-- Generated by org.testng.reporters.JUnitReportReporter -->
<testsuite hostname="LAPTOP-Q8GFA9DS" failures="0" tests="2" name="vtiger.Practice.DataProviderPractice" time="0.014" errors="0" timestamp="2023-12-23T19:32:27 IST" skipped="0">
  <testcase classname="vtiger.Practice.DataProviderPractice" name="addToCart" time="0.001"/>
  <system-out/>
  <testcase classname="vtiger.Practice.DataProviderPractice" name="addToCart" time="0.013"/>
  <system-out/>
</testsuite> <!-- vtiger.Practice.DataProviderPractice -->
