<?xml version="1.0" encoding="UTF-8"?>
<!-- Generated by org.testng.reporters.JUnitReportReporter -->
<testsuite hostname="LAPTOP-Q8GFA9DS" failures="0" tests="3" name="vtiger.Practice.TestNgPracticeTest" time="0.018" errors="0" timestamp="2023-12-23T21:50:40 IST" skipped="0">
  <testcase classname="vtiger.Practice.TestNgPracticeTest" name="createUserTest" time="0.016"/>
  <system-out/>
  <testcase classname="vtiger.Practice.TestNgPracticeTest" name="modifyUserTest" time="0.001"/>
  <system-out/>
  <testcase classname="vtiger.Practice.TestNgPracticeTest" name="deleteUserTest" time="0.001"/>
  <system-out/>
</testsuite> <!-- vtiger.Practice.TestNgPracticeTest -->
